TN:
SF:src/engine/sessionMemory.ts
FN:46,(anonymous_0)
FN:90,(anonymous_1)
FN:115,(anonymous_2)
FN:121,(anonymous_3)
FN:129,(anonymous_4)
FN:145,(anonymous_5)
FN:155,(anonymous_6)
FN:168,(anonymous_7)
FN:185,(anonymous_8)
FN:191,(anonymous_9)
FN:201,(anonymous_10)
FN:216,(anonymous_11)
FN:222,(anonymous_12)
FN:230,(anonymous_13)
FN:256,(anonymous_14)
FN:261,(anonymous_15)
FN:270,(anonymous_16)
FN:275,(anonymous_17)
FN:300,(anonymous_18)
FN:314,getSessionMemory
FNF:20
FNH:17
FNDA:26,(anonymous_0)
FNDA:261,(anonymous_1)
FNDA:2,(anonymous_2)
FNDA:3,(anonymous_3)
FNDA:5,(anonymous_4)
FNDA:2,(anonymous_5)
FNDA:6,(anonymous_6)
FNDA:1,(anonymous_7)
FNDA:5,(anonymous_8)
FNDA:0,(anonymous_9)
FNDA:214,(anonymous_10)
FNDA:1,(anonymous_11)
FNDA:0,(anonymous_12)
FNDA:10,(anonymous_13)
FNDA:4,(anonymous_14)
FNDA:2,(anonymous_15)
FNDA:5,(anonymous_16)
FNDA:3,(anonymous_17)
FNDA:263,(anonymous_18)
FNDA:0,getSessionMemory
DA:44,26
DA:47,26
DA:48,26
DA:50,26
DA:51,4
DA:52,4
DA:53,4
DA:54,3
DA:66,3
DA:67,3
DA:68,3
DA:70,1
DA:74,23
DA:85,23
DA:86,23
DA:87,23
DA:91,261
DA:92,261
DA:93,261
DA:94,261
DA:95,247
DA:97,261
DA:109,261
DA:111,0
DA:116,2
DA:117,2
DA:118,2
DA:122,3
DA:123,3
DA:124,2
DA:125,2
DA:130,5
DA:131,5
DA:132,5
DA:133,1
DA:134,1
DA:136,4
DA:142,5
DA:146,2
DA:147,2
DA:152,2
DA:156,6
DA:157,6
DA:158,6
DA:164,6
DA:165,6
DA:169,1
DA:170,1
DA:171,1
DA:172,1
DA:173,1
DA:174,1
DA:175,1
DA:176,1
DA:179,1
DA:180,1
DA:186,5
DA:187,5
DA:188,5
DA:192,0
DA:193,0
DA:194,0
DA:195,0
DA:196,0
DA:197,0
DA:202,214
DA:203,214
DA:210,214
DA:211,50
DA:213,214
DA:217,1
DA:218,1
DA:219,1
DA:223,0
DA:224,0
DA:225,0
DA:226,0
DA:227,0
DA:231,10
DA:233,10
DA:234,10
DA:235,2
DA:236,2
DA:237,1
DA:242,10
DA:257,4
DA:258,4
DA:262,2
DA:263,2
DA:264,2
DA:265,3
DA:267,2
DA:271,5
DA:272,5
DA:276,3
DA:278,3
DA:279,3
DA:282,2
DA:283,2
DA:284,16
DA:287,2
DA:288,5
DA:289,1
DA:297,1
DA:301,263
DA:302,4
DA:311,5
DA:315,0
LF:108
LH:95
BRDA:50,0,0,4
BRDA:55,1,0,3
BRDA:55,1,1,0
BRDA:56,2,0,3
BRDA:56,2,1,0
BRDA:57,3,0,3
BRDA:57,3,1,3
BRDA:58,4,0,3
BRDA:58,4,1,0
BRDA:59,5,0,3
BRDA:59,5,1,0
BRDA:60,6,0,3
BRDA:60,6,1,0
BRDA:61,7,0,3
BRDA:61,7,1,0
BRDA:62,8,0,3
BRDA:62,8,1,0
BRDA:63,9,0,3
BRDA:63,9,1,0
BRDA:91,10,0,0
BRDA:91,11,0,261
BRDA:91,11,1,261
BRDA:94,12,0,247
BRDA:123,13,0,2
BRDA:132,14,0,1
BRDA:132,14,1,4
BRDA:157,15,0,6
BRDA:157,15,1,5
BRDA:171,16,0,1
BRDA:174,17,0,1
BRDA:179,18,0,1
BRDA:193,19,0,0
BRDA:193,19,1,0
BRDA:194,20,0,0
BRDA:210,21,0,50
BRDA:236,22,0,1
BRDA:270,23,0,2
BRDA:279,24,0,1
BRDA:284,25,0,16
BRDA:284,25,1,5
BRDA:288,26,0,1
BRDA:301,27,0,4
BRF:42
BRH:30
end_of_record
TN:
SF:src/tools/preciseDiffEditor.ts
FN:33,handlePreciseDiffEditor
FN:97,applyEdit
FN:133,(anonymous_2)
FN:135,(anonymous_3)
FN:187,countOccurrences
FN:201,replaceAll
FN:210,normalizeLines
FN:211,(anonymous_7)
FN:215,normalizeWhitespace
FN:226,findFuzzyMatch
FN:231,(anonymous_10)
FN:262,calculateSimilarity
FN:274,levenshteinDistance
FN:302,findNearestLine
FN:308,(anonymous_14)
FN:317,(anonymous_15)
FN:341,createBackup
FN:352,formatDryRunResult
FN:445,formatDiffResult
FN:446,(anonymous_19)
FN:447,(anonymous_20)
FN:481,handleRollbackEdit
FN:501,(anonymous_22)
FN:511,(anonymous_23)
FNF:24
FNH:19
FNDA:0,handlePreciseDiffEditor
FNDA:7,applyEdit
FNDA:5,(anonymous_2)
FNDA:5,(anonymous_3)
FNDA:12,countOccurrences
FNDA:4,replaceAll
FNDA:23,normalizeLines
FNDA:35,(anonymous_7)
FNDA:6,normalizeWhitespace
FNDA:6,findFuzzyMatch
FNDA:8,(anonymous_10)
FNDA:15,calculateSimilarity
FNDA:22,levenshteinDistance
FNDA:4,findNearestLine
FNDA:13,(anonymous_14)
FNDA:17,(anonymous_15)
FNDA:5,createBackup
FNDA:0,formatDryRunResult
FNDA:0,formatDiffResult
FNDA:0,(anonymous_19)
FNDA:0,(anonymous_20)
FNDA:2,handleRollbackEdit
FNDA:2,(anonymous_22)
FNDA:1,(anonymous_23)
DA:34,0
DA:37,0
DA:38,0
DA:39,0
DA:42,0
DA:45,0
DA:46,0
DA:47,0
DA:51,0
DA:52,0
DA:55,0
DA:56,0
DA:57,0
DA:58,0
DA:60,0
DA:61,0
DA:62,0
DA:64,0
DA:65,0
DA:67,0
DA:70,0
DA:76,0
DA:80,0
DA:83,0
DA:87,0
DA:88,0
DA:90,0
DA:92,0
DA:104,7
DA:107,7
DA:109,7
DA:111,4
DA:114,4
DA:118,4
DA:129,3
DA:130,3
DA:133,3
DA:134,5
DA:135,5
DA:138,3
DA:139,1
DA:140,1
DA:141,1
DA:142,1
DA:147,1
DA:149,1
DA:159,2
DA:160,2
DA:161,1
DA:162,1
DA:164,1
DA:174,1
DA:175,1
DA:188,12
DA:189,11
DA:190,11
DA:191,11
DA:192,20
DA:193,20
DA:194,9
DA:195,9
DA:197,11
DA:202,4
DA:211,35
DA:216,6
DA:231,8
DA:232,6
DA:234,6
DA:237,6
DA:239,6
DA:240,6
DA:242,6
DA:243,11
DA:245,11
DA:246,11
DA:248,11
DA:249,5
DA:250,5
DA:254,6
DA:255,3
DA:258,3
DA:264,15
DA:265,15
DA:267,15
DA:269,14
DA:270,14
DA:275,22
DA:277,22
DA:278,253
DA:280,22
DA:281,341
DA:284,22
DA:285,231
DA:286,5995
DA:287,443
DA:289,5552
DA:298,22
DA:306,4
DA:307,4
DA:308,13
DA:311,4
DA:313,3
DA:314,3
DA:316,3
DA:317,17
DA:318,5
DA:320,5
DA:321,17
DA:324,5
DA:325,5
DA:326,1
DA:327,1
DA:331,3
DA:332,1
DA:338,2
DA:342,5
DA:343,5
DA:344,5
DA:346,5
DA:347,5
DA:349,5
DA:353,0
DA:360,0
DA:362,0
DA:363,0
DA:365,0
DA:366,0
DA:369,0
DA:370,0
DA:373,0
DA:374,0
DA:376,0
DA:380,0
DA:381,0
DA:382,0
DA:384,0
DA:385,0
DA:388,0
DA:390,0
DA:392,0
DA:395,0
DA:396,0
DA:399,0
DA:400,0
DA:401,0
DA:402,0
DA:404,0
DA:410,0
DA:411,0
DA:412,0
DA:413,0
DA:415,0
DA:420,0
DA:421,0
DA:424,0
DA:426,0
DA:431,0
DA:432,0
DA:433,0
DA:434,0
DA:435,0
DA:437,0
DA:442,0
DA:446,0
DA:447,0
DA:449,0
DA:455,0
DA:456,0
DA:458,0
DA:459,0
DA:460,0
DA:461,0
DA:462,0
DA:465,0
DA:466,0
DA:467,0
DA:472,0
DA:478,0
DA:482,2
DA:485,2
DA:486,2
DA:487,0
DA:490,2
DA:491,2
DA:492,2
DA:493,2
DA:495,2
DA:496,1
DA:499,1
DA:501,1
DA:502,2
DA:503,2
DA:506,1
DA:507,0
DA:511,1
DA:514,1
DA:515,1
DA:517,1
DA:518,1
DA:519,1
DA:520,1
DA:521,1
DA:522,1
DA:526,1
DA:527,0
DA:531,1
DA:534,1
DA:540,1
DA:541,1
DA:543,0
LF:210
LH:121
BRDA:34,0,0,0
BRDA:38,1,0,0
BRDA:46,2,0,0
BRDA:51,3,0,0
BRDA:64,4,0,0
BRDA:65,5,0,0
BRDA:87,6,0,0
BRDA:92,7,0,0
BRDA:92,7,1,0
BRDA:102,8,0,5
BRDA:104,9,0,6
BRDA:104,10,0,6
BRDA:109,11,0,4
BRDA:111,12,0,1
BRDA:111,12,1,3
BRDA:114,13,0,1
BRDA:114,13,1,3
BRDA:121,14,0,1
BRDA:121,14,1,3
BRDA:134,15,0,5
BRDA:134,15,1,3
BRDA:138,16,0,1
BRDA:139,17,0,0
BRDA:139,17,1,1
BRDA:160,18,0,1
BRDA:161,19,0,0
BRDA:161,19,1,1
BRDA:180,20,0,0
BRDA:180,20,1,1
BRDA:188,21,0,1
BRDA:193,22,0,11
BRDA:234,23,0,0
BRDA:248,24,0,5
BRDA:254,25,0,3
BRDA:254,26,0,6
BRDA:254,26,1,5
BRDA:264,27,0,7
BRDA:264,27,1,8
BRDA:265,28,0,7
BRDA:265,28,1,8
BRDA:267,29,0,1
BRDA:286,30,0,443
BRDA:286,30,1,5552
BRDA:311,31,0,1
BRDA:321,32,0,3
BRDA:325,33,0,1
BRDA:331,34,0,1
BRDA:331,35,0,3
BRDA:331,35,1,1
BRDA:365,36,0,0
BRDA:365,36,1,0
BRDA:374,37,0,0
BRDA:374,37,1,0
BRDA:374,37,2,0
BRDA:382,38,0,0
BRDA:382,38,1,0
BRDA:382,38,2,0
BRDA:390,39,0,0
BRDA:390,39,1,0
BRDA:390,40,0,0
BRDA:390,40,1,0
BRDA:399,41,0,0
BRDA:401,42,0,0
BRDA:401,42,1,0
BRDA:410,43,0,0
BRDA:411,44,0,0
BRDA:411,44,1,0
BRDA:412,45,0,0
BRDA:412,45,1,0
BRDA:434,46,0,0
BRDA:434,46,1,0
BRDA:458,47,0,0
BRDA:458,47,1,0
BRDA:460,48,0,0
BRDA:466,49,0,0
BRDA:486,50,0,0
BRDA:495,51,0,1
BRDA:503,52,0,2
BRDA:503,52,1,2
BRDA:506,53,0,0
BRDA:519,54,0,1
BRDA:526,55,0,0
BRDA:543,56,0,0
BRDA:543,56,1,0
BRF:84
BRH:40
end_of_record
TN:
SF:src/tools/smartGrep.ts
FN:51,handleSmartGrep
FN:87,(anonymous_1)
FN:88,(anonymous_2)
FN:154,(anonymous_3)
FN:163,createRegex
FN:178,formatResults
FN:191,(anonymous_6)
FN:195,(anonymous_7)
FN:207,isBinaryFile
FNF:9
FNH:9
FNDA:5,handleSmartGrep
FNDA:1,(anonymous_1)
FNDA:3,(anonymous_2)
FNDA:5,(anonymous_3)
FNDA:12,createRegex
FNDA:11,formatResults
FNDA:16,(anonymous_6)
FNDA:47,(anonymous_7)
FNDA:13,isBinaryFile
DA:19,1
DA:48,1
DA:49,1
DA:52,5
DA:55,5
DA:56,1
DA:60,4
DA:61,4
DA:62,4
DA:63,0
DA:64,0
DA:67,4
DA:69,4
DA:71,4
DA:76,4
DA:86,4
DA:87,1
DA:88,1
DA:89,3
DA:90,3
DA:94,4
DA:95,0
DA:96,0
DA:97,0
DA:101,4
DA:102,4
DA:103,4
DA:105,4
DA:106,11
DA:107,10
DA:109,10
DA:110,10
DA:111,10
DA:114,10
DA:117,10
DA:119,10
DA:120,10
DA:122,10
DA:123,45
DA:125,44
DA:126,44
DA:128,5
DA:129,5
DA:130,5
DA:131,5
DA:133,5
DA:142,0
DA:147,4
DA:150,4
DA:153,4
DA:154,5
DA:156,4
DA:158,0
DA:165,12
DA:167,12
DA:168,6
DA:174,7
DA:183,11
DA:184,2
DA:187,9
DA:192,16
DA:193,16
DA:195,47
DA:203,9
DA:208,13
DA:209,13
DA:210,13
DA:211,12
DA:212,12
DA:215,12
DA:216,1217
DA:218,11
DA:220,1
LF:73
LH:66
BRDA:52,0,0,3
BRDA:55,1,0,1
BRDA:55,2,0,5
BRDA:55,2,1,4
BRDA:60,3,0,4
BRDA:60,3,1,4
BRDA:60,4,0,1
BRDA:60,4,1,3
BRDA:62,5,0,0
BRDA:62,6,0,4
BRDA:62,6,1,0
BRDA:71,7,0,0
BRDA:71,7,1,4
BRDA:81,8,0,0
BRDA:81,8,1,4
BRDA:86,9,0,1
BRDA:86,10,0,4
BRDA:86,10,1,1
BRDA:87,11,0,0
BRDA:87,11,1,1
BRDA:94,12,0,0
BRDA:95,13,0,0
BRDA:95,13,1,0
BRDA:95,14,0,0
BRDA:95,14,1,0
BRDA:106,15,0,1
BRDA:114,16,0,0
BRDA:117,17,0,0
BRDA:123,18,0,1
BRDA:126,19,0,5
BRDA:129,20,0,5
BRDA:131,21,0,5
BRDA:158,22,0,0
BRDA:158,22,1,0
BRDA:167,23,0,6
BRDA:183,24,0,2
BRDA:216,25,0,1
BRF:37
BRH:23
end_of_record
